
  .   ____          _            __ _ _
 /\\ / ___'_ __ _ _(_)_ __  __ _ \ \ \ \
( ( )\___ | '_ | '_| | '_ \/ _` | \ \ \ \
 \\/  ___)| |_)| | | | | || (_| |  ) ) ) )
  '  |____| .__|_| |_|_| |_\__, | / / / /
 =========|_|==============|___/=/_/_/_/
 :: Spring Boot ::               (v2.7.18)

2025-12-24 22:02:31.891  INFO 46440 --- [           main] com.food.suggester.SuggesterApplication  : Starting SuggesterApplication v0.0.1-SNAPSHOT using Java 1.8.0_202 on vilgax with PID 46440 (F:\Project1\target\suggester-0.0.1-SNAPSHOT.jar started by Atharva in F:\Project1)
2025-12-24 22:02:31.896  INFO 46440 --- [           main] com.food.suggester.SuggesterApplication  : No active profile set, falling back to 1 default profile: "default"
2025-12-24 22:02:32.905  INFO 46440 --- [           main] .s.d.r.c.RepositoryConfigurationDelegate : Bootstrapping Spring Data JPA repositories in DEFAULT mode.
2025-12-24 22:02:32.998  INFO 46440 --- [           main] .s.d.r.c.RepositoryConfigurationDelegate : Finished Spring Data repository scanning in 64 ms. Found 4 JPA repository interfaces.
2025-12-24 22:02:36.817  INFO 46440 --- [           main] o.s.b.w.embedded.tomcat.TomcatWebServer  : Tomcat initialized with port(s): 8082 (http)
2025-12-24 22:02:36.852  INFO 46440 --- [           main] o.apache.catalina.core.StandardService   : Starting service [Tomcat]
2025-12-24 22:02:36.853  INFO 46440 --- [           main] org.apache.catalina.core.StandardEngine  : Starting Servlet engine: [Apache Tomcat/9.0.83]
2025-12-24 22:02:39.608  INFO 46440 --- [           main] o.a.c.c.C.[Tomcat].[localhost].[/]       : Initializing Spring embedded WebApplicationContext
2025-12-24 22:02:39.609  INFO 46440 --- [           main] w.s.c.ServletWebServerApplicationContext : Root WebApplicationContext: initialization completed in 7643 ms
2025-12-24 22:02:42.662  INFO 46440 --- [           main] o.hibernate.jpa.internal.util.LogHelper  : HHH000204: Processing PersistenceUnitInfo [name: default]
2025-12-24 22:02:43.433  INFO 46440 --- [           main] org.hibernate.Version                    : HHH000412: Hibernate ORM core version 5.6.15.Final
2025-12-24 22:02:45.728  INFO 46440 --- [           main] o.hibernate.annotations.common.Version   : HCANN000001: Hibernate Commons Annotations {5.1.2.Final}
2025-12-24 22:02:47.666  INFO 46440 --- [           main] com.zaxxer.hikari.HikariDataSource       : HikariPool-1 - Starting...
2025-12-24 22:02:48.527  INFO 46440 --- [           main] com.zaxxer.hikari.HikariDataSource       : HikariPool-1 - Start completed.
2025-12-24 22:02:48.569  INFO 46440 --- [           main] org.hibernate.dialect.Dialect            : HHH000400: Using dialect: org.hibernate.dialect.MySQL5Dialect
2025-12-24 22:02:52.125  INFO 46440 --- [           main] o.h.e.t.j.p.i.JtaPlatformInitiator       : HHH000490: Using JtaPlatform implementation: [org.hibernate.engine.transaction.jta.platform.internal.NoJtaPlatform]
2025-12-24 22:02:52.289  INFO 46440 --- [           main] j.LocalContainerEntityManagerFactoryBean : Initialized JPA EntityManagerFactory for persistence unit 'default'
2025-12-24 22:02:53.610  WARN 46440 --- [           main] JpaBaseConfiguration$JpaWebConfiguration : spring.jpa.open-in-view is enabled by default. Therefore, database queries may be performed during view rendering. Explicitly configure spring.jpa.open-in-view to disable this warning
2025-12-24 22:02:54.173  INFO 46440 --- [           main] o.s.b.a.w.s.WelcomePageHandlerMapping    : Adding welcome page: class path resource [static/index.html]
2025-12-24 22:02:54.763  INFO 46440 --- [           main] o.s.b.w.embedded.tomcat.TomcatWebServer  : Tomcat started on port(s): 8082 (http) with context path ''
2025-12-24 22:02:54.788  INFO 46440 --- [           main] com.food.suggester.SuggesterApplication  : Started SuggesterApplication in 23.515 seconds (JVM running for 24.294)
DEBUG: Seeding Simulated Offers... Starting
DEBUG: Deleted existing offers
2025-12-24 22:45:47.361  INFO 46440 --- [nio-8082-exec-1] o.a.c.c.C.[Tomcat].[localhost].[/]       : Initializing Spring DispatcherServlet 'dispatcherServlet'
2025-12-24 22:45:47.364  INFO 46440 --- [nio-8082-exec-1] o.s.web.servlet.DispatcherServlet        : Initializing Servlet 'dispatcherServlet'
2025-12-24 22:45:47.391  INFO 46440 --- [nio-8082-exec-1] o.s.web.servlet.DispatcherServlet        : Completed initialization in 27 ms
2025-12-24 23:38:13.430  WARN 46440 --- [l-1 housekeeper] com.zaxxer.hikari.pool.HikariPool        : HikariPool-1 - Thread starvation or clock leap detected (housekeeper delta=14m23s659ms762╡s700ns).
2025-12-25 08:39:27.478  WARN 46440 --- [l-1 housekeeper] com.zaxxer.hikari.pool.HikariPool        : HikariPool-1 - Thread starvation or clock leap detected (housekeeper delta=7h44m12s935ms47╡s800ns).
2025-12-25 10:46:22.879  WARN 46440 --- [l-1 housekeeper] com.zaxxer.hikari.pool.HikariPool        : HikariPool-1 - Thread starvation or clock leap detected (housekeeper delta=30m51s673ms180╡s400ns).
DEBUG: Suggesting for tags: [HEAVY, CREAMY, VEG, ROYAL, CRISPY, DINNER, COLD, SOUTH, BUTTERY, FRIED]
DEBUG: Found match: Kerala Parotta
